Arguments: 
  /home/maggle/.nvm/versions/node/v16.15.1/bin/node /home/maggle/.nvm/versions/node/v16.15.1/bin/yarn run test

PATH: 
  ./bin:./node_modules/.bin:/home/maggle/.nvm/versions/node/v16.15.1/bin:/home/maggle/.rbenv/shims:/home/maggle/.rbenv/bin:/home/maggle/.pyenv/bin:/usr/local/sbin:/usr/local/bin:/usr/sbin:/usr/bin:/sbin:/bin:/usr/games:/usr/local/games:/usr/lib/wsl/lib:/mnt/c/WINDOWS/system32:/mnt/c/WINDOWS:/mnt/c/WINDOWS/System32/Wbem:/mnt/c/WINDOWS/System32/WindowsPowerShell/v1.0/:/mnt/c/WINDOWS/System32/OpenSSH/:/mnt/c/Users/vleca/AppData/Local/Microsoft/WindowsApps:/mnt/c/Users/vleca/AppData/Local/Programs/Microsoft VS Code/bin:/mnt/c/Users/vleca/AppData/Local/GitHubDesktop/bin:/usr/local/sbin

Yarn version: 
  1.22.19

Node version: 
  16.15.1

Platform: 
  linux x64

Trace: 
  SyntaxError: /home/maggle/code/Maggle974/LRP/package.json: Unexpected string in JSON at position 222
      at JSON.parse (<anonymous>)
      at /home/maggle/.nvm/versions/node/v16.15.1/lib/node_modules/yarn/lib/cli.js:1629:59
      at Generator.next (<anonymous>)
      at step (/home/maggle/.nvm/versions/node/v16.15.1/lib/node_modules/yarn/lib/cli.js:310:30)
      at /home/maggle/.nvm/versions/node/v16.15.1/lib/node_modules/yarn/lib/cli.js:321:13

npm manifest: 
  {
    "name": "lrp",
    "version": "1.0.0",
    "description": "== Welcome to Rails",
    "main": "index.js",
    "directories": {
      "doc": "doc",
      "lib": "lib",
      "test": "test"
    },
    "scripts": {
      "test": "jest"
    }
    "repository": {
      "type": "git",
      "url": "git+https://github.com/Maggle974/LRP.git"
    },
    "keywords": [],
    "author": "",
    "license": "ISC",
    "bugs": {
      "url": "https://github.com/Maggle974/LRP/issues"
    },
    "homepage": "https://github.com/Maggle974/LRP#readme"
  }

yarn manifest: 
  No manifest

Lockfile: 
  # THIS IS AN AUTOGENERATED FILE. DO NOT EDIT THIS FILE DIRECTLY.
  # yarn lockfile v1
